#
# A fatal error has been detected by the Java Runtime Environment:
#
#  SIGSEGV (0xb) at pc=0x00000001024a9c5f, pid=857, tid=0x0000000000003c03
#
# JRE version: Java(TM) SE Runtime Environment (8.0_121-b13) (build 1.8.0_121-b13)
# Java VM: Java HotSpot(TM) 64-Bit Server VM (25.121-b13 mixed mode bsd-amd64 compressed oops)
# Problematic frame:
# V  [libjvm.dylib+0x2b2c5f]
#
# Failed to write core dump. Core dumps have been disabled. To enable core dumping, try "ulimit -c unlimited" before starting Java again
#
# If you would like to submit a bug report, please visit:
#   http://bugreport.java.com/bugreport/crash.jsp
#

---------------  T H R E A D  ---------------

Current thread (0x00007fd07406a800):  JavaThread "C2 CompilerThread0" daemon [_thread_in_native, id=15363, stack(0x0000000118cd0000,0x0000000118dd0000)]

siginfo: si_signo: 11 (SIGSEGV), si_code: 0 (unknown), si_addr: 0x0000000000000000

Registers:
RAX=0x0100000102ade450, RBX=0x0000000118dcc6c0, RCX=0x0000000000000000, RDX=0x0000000000000600
RSP=0x0000000118dcc690, RBP=0x0000000118dcc6b0, RSI=0x0000000000000007, RDI=0x00007fd0744f6360
R8 =0x0000000000000005, R9 =0x0000000000000001, R10=0x0000000000000000, R11=0x00007fff7d80f258
R12=0x0000000102ade450, R13=0x0000000118dcc918, R14=0x0000000000000006, R15=0x0000000000000600
RIP=0x00000001024a9c5f, EFLAGS=0x0000000000010293, ERR=0x0000000000000000
  TRAPNO=0x000000000000000d

Top of Stack: (sp=0x0000000118dcc690)
0x0000000118dcc690:   0000000118dcc8d8 0000000118dcc730
0x0000000118dcc6a0:   0000000000000467 0000000118dcc6c0
0x0000000118dcc6b0:   0000000118dcc710 00000001024a57c8
0x0000000118dcc6c0:   0000046500000000 00007fd000000004
0x0000000118dcc6d0:   0100000102ade450 00007fd000000005
0x0000000118dcc6e0:   00007fd077a53ad0 000000010000001a
0x0000000118dcc6f0:   0000000174d36070 0000000118dcd4e0
0x0000000118dcc700:   0000000118dcd5c8 0000000102ade450
0x0000000118dcc710:   0000000118dcca20 0000000102358451
0x0000000118dcc720:   0000000118dcc750 0000000102666244
0x0000000118dcc730:   0000000102ac09e0 00007fd00000000d
0x0000000118dcc740:   0000000118dcef80 0000000118dcd4e0
0x0000000118dcc750:   0000000100000001 00007fd074e1ba10
0x0000000118dcc760:   0000000000000200 00007fd074e60bc0
0x0000000118dcc770:   0000000818dcd610 0000000000001000
0x0000000118dcc780:   00007fd077b79310 000000000000d040
0x0000000118dcc790:   0000000074e60df8 0000000000000000
0x0000000118dcc7a0:   0000000000000000 000000010212da00
0x0000000118dcc7b0:   ff80000000001000 00007fd07720ffff
0x0000000118dcc7c0:   0000000000000080 0000000000000000
0x0000000118dcc7d0:   0000000000000000 0000000118dcef80
0x0000000118dcc7e0:   000000010000001a 000000000000d040
0x0000000118dcc7f0:   0000000102ac09e0 00007fff0000000d
0x0000000118dcc800:   0000000118dcef80 0000000118dcd4e0
0x0000000118dcc810:   0000000100000001 00007fd0744680d0
0x0000000118dcc820:   0000000118dcc894 0000000102a2d1a0
0x0000000118dcc830:   ffffffffffffffff 0000206000000040
0x0000000118dcc840:   0000000102a2d1b8 0000000102a2d1a0
0x0000000118dcc850:   00007fd0779c2200 0000000118dcef80
0x0000000118dcc860:   0000000000007fe8 00007fd073d15c40
0x0000000118dcc870:   0000000118dcc8b0 00007fff8e82ab4e
0x0000000118dcc880:   00007fd0779b2200 0000206018dcef80 

Instructions: (pc=0x00000001024a9c5f)
0x00000001024a9c3f:   e9 32 f1 ea ff 44 89 f0 48 8b 4b 20 48 8b 04 c1
0x00000001024a9c4f:   4c 39 e0 74 2d 48 89 43 10 31 c9 44 89 fa eb 0c
0x00000001024a9c5f:   83 3c 88 00 75 bb 83 c2 20 48 ff c1 83 f9 08 72
0x00000001024a9c6f:   ef 48 8b 7b 30 48 85 ff 74 08 44 89 f6 e8 c7 fe 

Register to memory mapping:

RAX=0x0100000102ade450 is an unknown value
RBX=0x0000000118dcc6c0 is pointing into the stack for thread: 0x00007fd07406a800
RCX=0x0000000000000000 is an unknown value
RDX=0x0000000000000600 is an unknown value
RSP=0x0000000118dcc690 is pointing into the stack for thread: 0x00007fd07406a800
RBP=0x0000000118dcc6b0 is pointing into the stack for thread: 0x00007fd07406a800
RSI=0x0000000000000007 is an unknown value
RDI=0x00007fd0744f6360 is an unknown value
R8 =0x0000000000000005 is an unknown value
R9 =0x0000000000000001 is an unknown value
R10=0x0000000000000000 is an unknown value
R11=0x00007fff7d80f258: vm_kernel_page_shift+0 in /usr/lib/system/libsystem_kernel.dylib at 0x00007fff8e8bb000
R12=0x0000000102ade450: _ZN8IndexSet12_empty_blockE+0 in /Library/Java/JavaVirtualMachines/jdk1.8.0_121.jdk/Contents/Home/jre/lib/server/libjvm.dylib at 0x00000001021f7000
R13=0x0000000118dcc918 is pointing into the stack for thread: 0x00007fd07406a800
R14=0x0000000000000006 is an unknown value
R15=0x0000000000000600 is an unknown value


Stack: [0x0000000118cd0000,0x0000000118dd0000],  sp=0x0000000118dcc690,  free space=1009k
Native frames: (J=compiled Java code, j=interpreted, Vv=VM code, C=native code)
V  [libjvm.dylib+0x2b2c5f]
V  [libjvm.dylib+0x2ae7c8]
V  [libjvm.dylib+0x161451]
V  [libjvm.dylib+0x1aef9a]
V  [libjvm.dylib+0x1b3135]
V  [libjvm.dylib+0x15071e]
V  [libjvm.dylib+0x1b67c8]
V  [libjvm.dylib+0x1b8d0f]
V  [libjvm.dylib+0x56ab0f]
V  [libjvm.dylib+0x56c1fc]
V  [libjvm.dylib+0x48a5b2]
C  [libsystem_pthread.dylib+0x3268]  _pthread_body+0x83
C  [libsystem_pthread.dylib+0x31e5]  _pthread_body+0x0
C  [libsystem_pthread.dylib+0x141d]  thread_start+0xd
C  0x0000000000000000


Current CompileTask:
C2:  22498 2541       4       javax.swing.RepaintManager::addDirtyRegion (37 bytes)


---------------  P R O C E S S  ---------------

Java Threads: ( => current thread )
  0x00007fd077392000 JavaThread "Thread-3" [_thread_in_Java, id=50759, stack(0x0000000173898000,0x0000000173998000)]
  0x00007fd074430800 JavaThread "Thread-2" [_thread_in_Java, id=58663, stack(0x0000000172cc7000,0x0000000172dc7000)]
  0x00007fd0745eb000 JavaThread "Thread-1" [_thread_in_Java, id=57887, stack(0x0000000172684000,0x0000000172784000)]
  0x00007fd074002000 JavaThread "TimerQueue" daemon [_thread_blocked, id=56479, stack(0x000000016e1f6000,0x000000016e2f6000)]
  0x00007fd074eac800 JavaThread "Thread-0" [_thread_in_Java, id=54791, stack(0x000000016aec7000,0x000000016afc7000)]
  0x00007fd07480b000 JavaThread "DestroyJavaVM" [_thread_blocked, id=4867, stack(0x0000000103601000,0x0000000103701000)]
  0x00007fd0742bd800 JavaThread "AWT-EventQueue-0" [_thread_blocked, id=50443, stack(0x000000011e6ea000,0x000000011e7ea000)]
  0x00007fd074b2b000 JavaThread "Java2D Disposer" daemon [_thread_blocked, id=48911, stack(0x000000011e37c000,0x000000011e47c000)]
  0x00007fd074205000 JavaThread "Java2D Queue Flusher" daemon [_thread_blocked, id=47623, stack(0x000000011d4b0000,0x000000011d5b0000)]
  0x00007fd0741d5000 JavaThread "AWT-Shutdown" [_thread_blocked, id=26899, stack(0x000000011ab14000,0x000000011ac14000)]
  0x00007fd07413b000 JavaThread "AppKit Thread" daemon [_thread_in_native, id=1811, stack(0x00007fff5d308000,0x00007fff5db08000)]
  0x00007fd074080000 JavaThread "Service Thread" daemon [_thread_blocked, id=16387, stack(0x0000000118ed6000,0x0000000118fd6000)]
  0x00007fd07406c000 JavaThread "C1 CompilerThread1" daemon [_thread_blocked, id=15875, stack(0x0000000118dd3000,0x0000000118ed3000)]
=>0x00007fd07406a800 JavaThread "C2 CompilerThread0" daemon [_thread_in_native, id=15363, stack(0x0000000118cd0000,0x0000000118dd0000)]
  0x00007fd074833800 JavaThread "Signal Dispatcher" daemon [_thread_blocked, id=14871, stack(0x0000000118bcd000,0x0000000118ccd000)]
  0x00007fd07482f000 JavaThread "Finalizer" daemon [_thread_blocked, id=10499, stack(0x000000011722d000,0x000000011732d000)]
  0x00007fd074826800 JavaThread "Reference Handler" daemon [_thread_blocked, id=9987, stack(0x000000011712a000,0x000000011722a000)]

Other Threads:
  0x00007fd07404c800 VMThread [stack: 0x0000000117027000,0x0000000117127000] [id=9475]
  0x00007fd074837000 WatcherThread [stack: 0x0000000118fd9000,0x00000001190d9000] [id=16899]

VM state:not at safepoint (normal execution)

VM Mutex/Monitor currently owned by a thread: None

Heap:
 PSYoungGen      total 435712K, used 247374K [0x00000007a5580000, 0x00000007c0000000, 0x00000007c0000000)
  eden space 434688K, 56% used [0x00000007a5580000,0x00000007b46fb968,0x00000007bfe00000)
  from space 1024K, 9% used [0x00000007bff00000,0x00000007bff18000,0x00000007c0000000)
  to   space 1024K, 0% used [0x00000007bfe00000,0x00000007bfe00000,0x00000007bff00000)
 ParOldGen       total 128000K, used 63465K [0x0000000770000000, 0x0000000777d00000, 0x00000007a5580000)
  object space 128000K, 49% used [0x0000000770000000,0x0000000773dfa5b0,0x0000000777d00000)
 Metaspace       used 15852K, capacity 16026K, committed 16256K, reserved 1062912K
  class space    used 1967K, capacity 2051K, committed 2176K, reserved 1048576K

Card table byte_map: [0x0000000112acc000,0x0000000112d4d000] byte_map_base: 0x000000010ef4c000

Marking Bits: (ParMarkBitMap*) 0x0000000102ae7d30
 Begin Bits: [0x00000001130fe000, 0x00000001144fe000)
 End Bits:   [0x00000001144fe000, 0x00000001158fe000)

Polling page: 0x00000001031f3000

CodeCache: size=245760Kb used=8011Kb max_used=8011Kb free=237749Kb
 bounds [0x000000010370c000, 0x0000000103eec000, 0x000000011270c000]
 total_blobs=2940 nmethods=2382 adapters=471
 compilation: enabled

Compilation events (10 events):
Event: 21.870 Thread 0x00007fd07406c000 2555       3       java.util.IdentityHashMap$IdentityHashMapIterator::nextIndex (72 bytes)
Event: 21.871 Thread 0x00007fd07406c000 nmethod 2555 0x0000000103ede3d0 code [0x0000000103ede580, 0x0000000103ede968]
Event: 21.888 Thread 0x00007fd07406c000 2556       1       java.lang.ref.Reference::clear (6 bytes)
Event: 21.888 Thread 0x00007fd07406c000 nmethod 2556 0x0000000103b0b490 code [0x0000000103b0b5e0, 0x0000000103b0b710]
Event: 21.888 Thread 0x00007fd07406c000 2557   !   3       sun.java2d.opengl.OGLSurfaceData::dispose (68 bytes)
Event: 21.894 Thread 0x00007fd07406c000 nmethod 2557 0x0000000103edead0 code [0x0000000103edf080, 0x0000000103ee31b8]
Event: 22.297 Thread 0x00007fd07406c000 2559       1       sun.lwawt.macosx.CPlatformWindow::isVisible (5 bytes)
Event: 22.297 Thread 0x00007fd07406c000 nmethod 2559 0x00000001039d3790 code [0x00000001039d38e0, 0x00000001039d39f0]
Event: 22.314 Thread 0x00007fd07406c000 2560       3       javax.swing.DefaultButtonModel::isArmed (15 bytes)
Event: 22.314 Thread 0x00007fd07406c000 nmethod 2560 0x0000000103ac1350 code [0x0000000103ac14c0, 0x0000000103ac1670]

GC Heap History (10 events):
Event: 20.745 GC heap before
{Heap before GC invocations=47 (full 1):
 PSYoungGen      total 435712K, used 434752K [0x00000007a5580000, 0x00000007c0000000, 0x00000007c0000000)
  eden space 434688K, 100% used [0x00000007a5580000,0x00000007bfe00000,0x00000007bfe00000)
  from space 1024K, 6% used [0x00000007bfe00000,0x00000007bfe10000,0x00000007bff00000)
  to   space 1024K, 0% used [0x00000007bff00000,0x00000007bff00000,0x00000007c0000000)
 ParOldGen       total 128000K, used 63401K [0x0000000770000000, 0x0000000777d00000, 0x00000007a5580000)
  object space 128000K, 49% used [0x0000000770000000,0x0000000773dea5b0,0x0000000777d00000)
 Metaspace       used 15841K, capacity 16026K, committed 16256K, reserved 1062912K
  class space    used 1967K, capacity 2051K, committed 2176K, reserved 1048576K
Event: 20.748 GC heap after
Heap after GC invocations=47 (full 1):
 PSYoungGen      total 435712K, used 96K [0x00000007a5580000, 0x00000007c0000000, 0x00000007c0000000)
  eden space 434688K, 0% used [0x00000007a5580000,0x00000007a5580000,0x00000007bfe00000)
  from space 1024K, 9% used [0x00000007bff00000,0x00000007bff18000,0x00000007c0000000)
  to   space 1024K, 0% used [0x00000007bfe00000,0x00000007bfe00000,0x00000007bff00000)
 ParOldGen       total 128000K, used 63417K [0x0000000770000000, 0x0000000777d00000, 0x00000007a5580000)
  object space 128000K, 49% used [0x0000000770000000,0x0000000773dee5b0,0x0000000777d00000)
 Metaspace       used 15841K, capacity 16026K, committed 16256K, reserved 1062912K
  class space    used 1967K, capacity 2051K, committed 2176K, reserved 1048576K
}
Event: 21.158 GC heap before
{Heap before GC invocations=48 (full 1):
 PSYoungGen      total 435712K, used 434784K [0x00000007a5580000, 0x00000007c0000000, 0x00000007c0000000)
  eden space 434688K, 100% used [0x00000007a5580000,0x00000007bfe00000,0x00000007bfe00000)
  from space 1024K, 9% used [0x00000007bff00000,0x00000007bff18000,0x00000007c0000000)
  to   space 1024K, 0% used [0x00000007bfe00000,0x00000007bfe00000,0x00000007bff00000)
 ParOldGen       total 128000K, used 63417K [0x0000000770000000, 0x0000000777d00000, 0x00000007a5580000)
  object space 128000K, 49% used [0x0000000770000000,0x0000000773dee5b0,0x0000000777d00000)
 Metaspace       used 15846K, capacity 16026K, committed 16256K, reserved 1062912K
  class space    used 1967K, capacity 2051K, committed 2176K, reserved 1048576K
Event: 21.161 GC heap after
Heap after GC invocations=48 (full 1):
 PSYoungGen      total 435712K, used 96K [0x00000007a5580000, 0x00000007c0000000, 0x00000007c0000000)
  eden space 434688K, 0% used [0x00000007a5580000,0x00000007a5580000,0x00000007bfe00000)
  from space 1024K, 9% used [0x00000007bfe00000,0x00000007bfe18000,0x00000007bff00000)
  to   space 1024K, 0% used [0x00000007bff00000,0x00000007bff00000,0x00000007c0000000)
 ParOldGen       total 128000K, used 63425K [0x0000000770000000, 0x0000000777d00000, 0x00000007a5580000)
  object space 128000K, 49% used [0x0000000770000000,0x0000000773df05b0,0x0000000777d00000)
 Metaspace       used 15846K, capacity 16026K, committed 16256K, reserved 1062912K
  class space    used 1967K, capacity 2051K, committed 2176K, reserved 1048576K
}
Event: 21.497 GC heap before
{Heap before GC invocations=49 (full 1):
 PSYoungGen      total 435712K, used 434784K [0x00000007a5580000, 0x00000007c0000000, 0x00000007c0000000)
  eden space 434688K, 100% used [0x00000007a5580000,0x00000007bfe00000,0x00000007bfe00000)
  from space 1024K, 9% used [0x00000007bfe00000,0x00000007bfe18000,0x00000007bff00000)
  to   space 1024K, 0% used [0x00000007bff00000,0x00000007bff00000,0x00000007c0000000)
 ParOldGen       total 128000K, used 63425K [0x0000000770000000, 0x0000000777d00000, 0x00000007a5580000)
  object space 128000K, 49% used [0x0000000770000000,0x0000000773df05b0,0x0000000777d00000)
 Metaspace       used 15846K, capacity 16026K, committed 16256K, reserved 1062912K
  class space    used 1967K, capacity 2051K, committed 2176K, reserved 1048576K
Event: 21.499 GC heap after
Heap after GC invocations=49 (full 1):
 PSYoungGen      total 435712K, used 64K [0x00000007a5580000, 0x00000007c0000000, 0x00000007c0000000)
  eden space 434688K, 0% used [0x00000007a5580000,0x00000007a5580000,0x00000007bfe00000)
  from space 1024K, 6% used [0x00000007bff00000,0x00000007bff10000,0x00000007c0000000)
  to   space 1024K, 0% used [0x00000007bfe00000,0x00000007bfe00000,0x00000007bff00000)
 ParOldGen       total 128000K, used 63441K [0x0000000770000000, 0x0000000777d00000, 0x00000007a5580000)
  object space 128000K, 49% used [0x0000000770000000,0x0000000773df45b0,0x0000000777d00000)
 Metaspace       used 15846K, capacity 16026K, committed 16256K, reserved 1062912K
  class space    used 1967K, capacity 2051K, committed 2176K, reserved 1048576K
}
Event: 21.884 GC heap before
{Heap before GC invocations=50 (full 1):
 PSYoungGen      total 435712K, used 434752K [0x00000007a5580000, 0x00000007c0000000, 0x00000007c0000000)
  eden space 434688K, 100% used [0x00000007a5580000,0x00000007bfe00000,0x00000007bfe00000)
  from space 1024K, 6% used [0x00000007bff00000,0x00000007bff10000,0x00000007c0000000)
  to   space 1024K, 0% used [0x00000007bfe00000,0x00000007bfe00000,0x00000007bff00000)
 ParOldGen       total 128000K, used 63441K [0x0000000770000000, 0x0000000777d00000, 0x00000007a5580000)
  object space 128000K, 49% used [0x0000000770000000,0x0000000773df45b0,0x0000000777d00000)
 Metaspace       used 15850K, capacity 16026K, committed 16256K, reserved 1062912K
  class space    used 1967K, capacity 2051K, committed 2176K, reserved 1048576K
Event: 21.887 GC heap after
Heap after GC invocations=50 (full 1):
 PSYoungGen      total 435712K, used 96K [0x00000007a5580000, 0x00000007c0000000, 0x00000007c0000000)
  eden space 434688K, 0% used [0x00000007a5580000,0x00000007a5580000,0x00000007bfe00000)
  from space 1024K, 9% used [0x00000007bfe00000,0x00000007bfe18000,0x00000007bff00000)
  to   space 1024K, 0% used [0x00000007bff00000,0x00000007bff00000,0x00000007c0000000)
 ParOldGen       total 128000K, used 63449K [0x0000000770000000, 0x0000000777d00000, 0x00000007a5580000)
  object space 128000K, 49% used [0x0000000770000000,0x0000000773df65b0,0x0000000777d00000)
 Metaspace       used 15850K, capacity 16026K, committed 16256K, reserved 1062912K
  class space    used 1967K, capacity 2051K, committed 2176K, reserved 1048576K
}
Event: 22.255 GC heap before
{Heap before GC invocations=51 (full 1):
 PSYoungGen      total 435712K, used 434784K [0x00000007a5580000, 0x00000007c0000000, 0x00000007c0000000)
  eden space 434688K, 100% used [0x00000007a5580000,0x00000007bfe00000,0x00000007bfe00000)
  from space 1024K, 9% used [0x00000007bfe00000,0x00000007bfe18000,0x00000007bff00000)
  to   space 1024K, 0% used [0x00000007bff00000,0x00000007bff00000,0x00000007c0000000)
 ParOldGen       total 128000K, used 63449K [0x0000000770000000, 0x0000000777d00000, 0x00000007a5580000)
  object space 128000K, 49% used [0x0000000770000000,0x0000000773df65b0,0x0000000777d00000)
 Metaspace       used 15851K, capacity 16026K, committed 16256K, reserved 1062912K
  class space    used 1967K, capacity 2051K, committed 2176K, reserved 1048576K
Event: 22.258 GC heap after
Heap after GC invocations=51 (full 1):
 PSYoungGen      total 435712K, used 96K [0x00000007a5580000, 0x00000007c0000000, 0x00000007c0000000)
  eden space 434688K, 0% used [0x00000007a5580000,0x00000007a5580000,0x00000007bfe00000)
  from space 1024K, 9% used [0x00000007bff00000,0x00000007bff18000,0x00000007c0000000)
  to   space 1024K, 0% used [0x00000007bfe00000,0x00000007bfe00000,0x00000007bff00000)
 ParOldGen       total 128000K, used 63465K [0x0000000770000000, 0x0000000777d00000, 0x00000007a5580000)
  object space 128000K, 49% used [0x0000000770000000,0x0000000773dfa5b0,0x0000000777d00000)
 Metaspace       used 15851K, capacity 16026K, committed 16256K, reserved 1062912K
  class space    used 1967K, capacity 2051K, committed 2176K, reserved 1048576K
}

Deoptimization events (10 events):
Event: 9.142 Thread 0x00007fd0742bd800 Uncommon trap: reason=class_check action=maybe_recompile pc=0x0000000103b2869c method=javax.swing.JLabel.setText(Ljava/lang/String;)V @ 99
Event: 9.142 Thread 0x00007fd0742bd800 Uncommon trap: reason=class_check action=maybe_recompile pc=0x0000000103b2869c method=javax.swing.JLabel.setText(Ljava/lang/String;)V @ 99
Event: 9.142 Thread 0x00007fd0742bd800 Uncommon trap: reason=class_check action=maybe_recompile pc=0x0000000103b2869c method=javax.swing.JLabel.setText(Ljava/lang/String;)V @ 99
Event: 9.142 Thread 0x00007fd0742bd800 Uncommon trap: reason=class_check action=maybe_recompile pc=0x0000000103b2869c method=javax.swing.JLabel.setText(Ljava/lang/String;)V @ 99
Event: 9.147 Thread 0x00007fd0742bd800 Uncommon trap: reason=class_check action=maybe_recompile pc=0x0000000103884098 method=java.lang.String.equals(Ljava/lang/Object;)Z @ 8
Event: 9.147 Thread 0x00007fd0742bd800 Uncommon trap: reason=class_check action=maybe_recompile pc=0x0000000103884098 method=java.lang.String.equals(Ljava/lang/Object;)Z @ 8
Event: 10.379 Thread 0x00007fd0742bd800 Uncommon trap: reason=class_check action=maybe_recompile pc=0x0000000103884098 method=java.lang.String.equals(Ljava/lang/Object;)Z @ 8
Event: 10.380 Thread 0x00007fd0742bd800 Uncommon trap: reason=class_check action=maybe_recompile pc=0x0000000103884098 method=java.lang.String.equals(Ljava/lang/Object;)Z @ 8
Event: 10.484 Thread 0x00007fd0745eb000 Uncommon trap: reason=unstable_if action=reinterpret pc=0x0000000103b5f838 method=javax.swing.JLabel.setText(Ljava/lang/String;)V @ 87
Event: 19.798 Thread 0x00007fd0742bd800 Uncommon trap: reason=unstable_if action=reinterpret pc=0x0000000103e9bc28 method=java.awt.Rectangle.intersects(Ljava/awt/Rectangle;)Z @ 101

Internal exceptions (10 events):
Event: 5.497 Thread 0x00007fd0742bd800 Exception <a 'java/io/FileNotFoundException'> (0x00000007b2510470) thrown at [/Users/java_re/workspace/8-2-build-macosx-x86_64/jdk8u121/8372/hotspot/src/share/vm/prims/jni.cpp, line 709]
Event: 5.517 Thread 0x00007fd0742bd800 Exception <a 'java/io/FileNotFoundException'> (0x00000007b2514b10) thrown at [/Users/java_re/workspace/8-2-build-macosx-x86_64/jdk8u121/8372/hotspot/src/share/vm/prims/jni.cpp, line 709]
Event: 5.519 Thread 0x00007fd0742bd800 Exception <a 'java/io/FileNotFoundException'> (0x00000007b251c098) thrown at [/Users/java_re/workspace/8-2-build-macosx-x86_64/jdk8u121/8372/hotspot/src/share/vm/prims/jni.cpp, line 709]
Event: 7.037 Thread 0x00007fd07482f000 Exception <a 'java/lang/NullPointerException'> (0x00000007a5580000) thrown at [/Users/java_re/workspace/8-2-build-macosx-x86_64/jdk8u121/8372/hotspot/src/share/vm/interpreter/linkResolver.cpp, line 1178]
Event: 8.564 Thread 0x00007fd07482f000 Exception <a 'java/lang/NullPointerException'> (0x00000007a55862b8) thrown at [/Users/java_re/workspace/8-2-build-macosx-x86_64/jdk8u121/8372/hotspot/src/share/vm/interpreter/linkResolver.cpp, line 1178]
Event: 10.225 Thread 0x00007fd0742bd800 Exception <a 'java/io/FileNotFoundException'> (0x00000007b46ee4d0) thrown at [/Users/java_re/workspace/8-2-build-macosx-x86_64/jdk8u121/8372/hotspot/src/share/vm/prims/jni.cpp, line 709]
Event: 10.484 Thread 0x00007fd0745eb000 Implicit null exception at 0x0000000103b5f06e to 0x0000000103b5f81d
Event: 10.588 Thread 0x00007fd07482f000 Exception <a 'java/lang/NullPointerException'> (0x00000007a5730e90) thrown at [/Users/java_re/workspace/8-2-build-macosx-x86_64/jdk8u121/8372/hotspot/src/share/vm/interpreter/linkResolver.cpp, line 1178]
Event: 11.156 Thread 0x00007fd07482f000 Exception <a 'java/lang/NullPointerException'> (0x00000007a5580060) thrown at [/Users/java_re/workspace/8-2-build-macosx-x86_64/jdk8u121/8372/hotspot/src/share/vm/interpreter/linkResolver.cpp, line 1178]
Event: 11.156 Thread 0x00007fd07482f000 Exception <a 'java/lang/NullPointerException'> (0x00000007a5580268) thrown at [/Users/java_re/workspace/8-2-build-macosx-x86_64/jdk8u121/8372/hotspot/src/share/vm/interpreter/linkResolver.cpp, line 1178]

Events (10 events):
Event: 20.744 Executing VM operation: ParallelGCFailedAllocation
Event: 20.748 Executing VM operation: ParallelGCFailedAllocation done
Event: 21.157 Executing VM operation: ParallelGCFailedAllocation
Event: 21.161 Executing VM operation: ParallelGCFailedAllocation done
Event: 21.496 Executing VM operation: ParallelGCFailedAllocation
Event: 21.499 Executing VM operation: ParallelGCFailedAllocation done
Event: 21.883 Executing VM operation: ParallelGCFailedAllocation
Event: 21.887 Executing VM operation: ParallelGCFailedAllocation done
Event: 22.254 Executing VM operation: ParallelGCFailedAllocation
Event: 22.258 Executing VM operation: ParallelGCFailedAllocation done


Dynamic libraries:
0x000000000d5c5000 	/System/Library/Frameworks/Cocoa.framework/Versions/A/Cocoa
0x000000000d5c5000 	/System/Library/Frameworks/Security.framework/Versions/A/Security
0x000000000d5c5000 	/System/Library/Frameworks/ApplicationServices.framework/Versions/A/ApplicationServices
0x000000000d5c5000 	/usr/lib/libz.1.dylib
0x000000000d5c5000 	/usr/lib/libSystem.B.dylib
0x000000000d5c5000 	/usr/lib/libobjc.A.dylib
0x000000000d5c5000 	/System/Library/Frameworks/CoreFoundation.framework/Versions/A/CoreFoundation
0x000000000d5c5000 	/System/Library/Frameworks/Foundation.framework/Versions/C/Foundation
0x000000000d5c5000 	/System/Library/Frameworks/AppKit.framework/Versions/C/AppKit
0x000000000d5c5000 	/System/Library/Frameworks/CoreData.framework/Versions/A/CoreData
0x000000000d5c5000 	/System/Library/PrivateFrameworks/RemoteViewServices.framework/Versions/A/RemoteViewServices
0x000000000d5c5000 	/System/Library/PrivateFrameworks/UIFoundation.framework/Versions/A/UIFoundation
0x000000000d5c5000 	/System/Library/Frameworks/IOSurface.framework/Versions/A/IOSurface
0x000000000d5c5000 	/System/Library/Frameworks/AudioToolbox.framework/Versions/A/AudioToolbox
0x000000000d5c5000 	/System/Library/Frameworks/AudioUnit.framework/Versions/A/AudioUnit
0x000000000d5c5000 	/System/Library/PrivateFrameworks/DataDetectorsCore.framework/Versions/A/DataDetectorsCore
0x000000000d5c5000 	/System/Library/PrivateFrameworks/DesktopServicesPriv.framework/Versions/A/DesktopServicesPriv
0x000000000d5c5000 	/System/Library/Frameworks/Carbon.framework/Versions/A/Frameworks/HIToolbox.framework/Versions/A/HIToolbox
0x000000000d5c5000 	/System/Library/Frameworks/QuartzCore.framework/Versions/A/QuartzCore
0x000000000d5c5000 	/System/Library/Frameworks/Carbon.framework/Versions/A/Frameworks/SpeechRecognition.framework/Versions/A/SpeechRecognition
0x000000000d5c5000 	/usr/lib/libauto.dylib
0x000000000d5c5000 	/usr/lib/libicucore.A.dylib
0x000000000d5c5000 	/usr/lib/libxml2.2.dylib
0x000000000d5c5000 	/System/Library/PrivateFrameworks/CoreUI.framework/Versions/A/CoreUI
0x000000000d5c5000 	/System/Library/Frameworks/CoreAudio.framework/Versions/A/CoreAudio
0x000000000d5c5000 	/System/Library/Frameworks/DiskArbitration.framework/Versions/A/DiskArbitration
0x000000000d5c5000 	/usr/lib/liblangid.dylib
0x000000000d5c5000 	/System/Library/PrivateFrameworks/MultitouchSupport.framework/Versions/A/MultitouchSupport
0x000000000d5c5000 	/System/Library/Frameworks/IOKit.framework/Versions/A/IOKit
0x000000000d5c5000 	/usr/lib/libDiagnosticMessagesClient.dylib
0x000000000d5c5000 	/System/Library/Frameworks/CoreServices.framework/Versions/A/CoreServices
0x000000000d5c5000 	/System/Library/PrivateFrameworks/PerformanceAnalysis.framework/Versions/A/PerformanceAnalysis
0x000000000d5c5000 	/System/Library/PrivateFrameworks/GenerationalStorage.framework/Versions/A/GenerationalStorage
0x000000000d5c5000 	/System/Library/Frameworks/OpenGL.framework/Versions/A/OpenGL
0x000000000d5c5000 	/System/Library/PrivateFrameworks/Sharing.framework/Versions/A/Sharing
0x000000000d5c5000 	/System/Library/Frameworks/CoreGraphics.framework/Versions/A/CoreGraphics
0x000000000d5c5000 	/System/Library/Frameworks/CoreText.framework/Versions/A/CoreText
0x000000000d5c5000 	/System/Library/Frameworks/ImageIO.framework/Versions/A/ImageIO
0x000000000d5c5000 	/usr/lib/libextension.dylib
0x000000000d5c5000 	/System/Library/PrivateFrameworks/Backup.framework/Versions/A/Backup
0x000000000d5c5000 	/usr/lib/libarchive.2.dylib
0x000000000d5c5000 	/System/Library/Frameworks/CFNetwork.framework/Versions/A/CFNetwork
0x000000000d5c5000 	/System/Library/Frameworks/SystemConfiguration.framework/Versions/A/SystemConfiguration
0x000000000d5c5000 	/usr/lib/libCRFSuite.dylib
0x000000000d5c5000 	/usr/lib/libc++.1.dylib
0x000000000d5c5000 	/usr/lib/libc++abi.dylib
0x000000000d5c5000 	/usr/lib/system/libcache.dylib
0x000000000d5c5000 	/usr/lib/system/libcommonCrypto.dylib
0x000000000d5c5000 	/usr/lib/system/libcompiler_rt.dylib
0x000000000d5c5000 	/usr/lib/system/libcopyfile.dylib
0x000000000d5c5000 	/usr/lib/system/libcorecrypto.dylib
0x000000000d5c5000 	/usr/lib/system/libdispatch.dylib
0x000000000d5c5000 	/usr/lib/system/libdyld.dylib
0x000000000d5c5000 	/usr/lib/system/libkeymgr.dylib
0x000000000d5c5000 	/usr/lib/system/liblaunch.dylib
0x000000000d5c5000 	/usr/lib/system/libmacho.dylib
0x000000000d5c5000 	/usr/lib/system/libquarantine.dylib
0x000000000d5c5000 	/usr/lib/system/libremovefile.dylib
0x000000000d5c5000 	/usr/lib/system/libsystem_asl.dylib
0x000000000d5c5000 	/usr/lib/system/libsystem_blocks.dylib
0x000000000d5c5000 	/usr/lib/system/libsystem_c.dylib
0x000000000d5c5000 	/usr/lib/system/libsystem_configuration.dylib
0x000000000d5c5000 	/usr/lib/system/libsystem_coreservices.dylib
0x000000000d5c5000 	/usr/lib/system/libsystem_coretls.dylib
0x000000000d5c5000 	/usr/lib/system/libsystem_dnssd.dylib
0x000000000d5c5000 	/usr/lib/system/libsystem_info.dylib
0x000000000d5c5000 	/usr/lib/system/libsystem_kernel.dylib
0x000000000d5c5000 	/usr/lib/system/libsystem_m.dylib
0x000000000d5c5000 	/usr/lib/system/libsystem_malloc.dylib
0x000000000d5c5000 	/usr/lib/system/libsystem_network.dylib
0x000000000d5c5000 	/usr/lib/system/libsystem_networkextension.dylib
0x000000000d5c5000 	/usr/lib/system/libsystem_notify.dylib
0x000000000d5c5000 	/usr/lib/system/libsystem_platform.dylib
0x000000000d5c5000 	/usr/lib/system/libsystem_pthread.dylib
0x000000000d5c5000 	/usr/lib/system/libsystem_sandbox.dylib
0x000000000d5c5000 	/usr/lib/system/libsystem_secinit.dylib
0x000000000d5c5000 	/usr/lib/system/libsystem_stats.dylib
0x000000000d5c5000 	/usr/lib/system/libsystem_trace.dylib
0x000000000d5c5000 	/usr/lib/system/libunc.dylib
0x000000000d5c5000 	/usr/lib/system/libunwind.dylib
0x000000000d5c5000 	/usr/lib/system/libxpc.dylib
0x000000000d5c5000 	/usr/lib/libbz2.1.0.dylib
0x000000000d5c5000 	/usr/lib/liblzma.5.dylib
0x000000000d5c5000 	/usr/lib/libbsm.0.dylib
0x000000000d5c5000 	/usr/lib/libsqlite3.dylib
0x000000000d5c5000 	/usr/lib/system/libkxld.dylib
0x000000000d5c5000 	/usr/lib/libxar.1.dylib
0x000000000d5c5000 	/usr/lib/libpam.2.dylib
0x000000000d5c5000 	/usr/lib/libOpenScriptingUtil.dylib
0x000000000d5c5000 	/System/Library/Frameworks/CoreServices.framework/Versions/A/Frameworks/FSEvents.framework/Versions/A/FSEvents
0x000000000d5c5000 	/System/Library/Frameworks/CoreServices.framework/Versions/A/Frameworks/CarbonCore.framework/Versions/A/CarbonCore
0x000000000d5c5000 	/System/Library/Frameworks/CoreServices.framework/Versions/A/Frameworks/Metadata.framework/Versions/A/Metadata
0x000000000d5c5000 	/System/Library/Frameworks/CoreServices.framework/Versions/A/Frameworks/OSServices.framework/Versions/A/OSServices
0x000000000d5c5000 	/System/Library/Frameworks/CoreServices.framework/Versions/A/Frameworks/SearchKit.framework/Versions/A/SearchKit
0x000000000d5c5000 	/System/Library/Frameworks/CoreServices.framework/Versions/A/Frameworks/AE.framework/Versions/A/AE
0x000000000d5c5000 	/System/Library/Frameworks/CoreServices.framework/Versions/A/Frameworks/LaunchServices.framework/Versions/A/LaunchServices
0x000000000d5c5000 	/System/Library/Frameworks/CoreServices.framework/Versions/A/Frameworks/DictionaryServices.framework/Versions/A/DictionaryServices
0x000000000d5c5000 	/System/Library/Frameworks/NetFS.framework/Versions/A/NetFS
0x000000000d5c5000 	/System/Library/PrivateFrameworks/NetAuth.framework/Versions/A/NetAuth
0x000000000d5c5000 	/System/Library/PrivateFrameworks/login.framework/Versions/A/Frameworks/loginsupport.framework/Versions/A/loginsupport
0x000000000d5c5000 	/System/Library/PrivateFrameworks/TCC.framework/Versions/A/TCC
0x000000000d5c5000 	/usr/lib/libmecabra.dylib
0x000000000d5c5000 	/System/Library/Frameworks/ApplicationServices.framework/Versions/A/Frameworks/ATS.framework/Versions/A/ATS
0x000000000d5c5000 	/System/Library/Frameworks/ApplicationServices.framework/Versions/A/Frameworks/ColorSync.framework/Versions/A/ColorSync
0x000000000d5c5000 	/System/Library/Frameworks/ApplicationServices.framework/Versions/A/Frameworks/HIServices.framework/Versions/A/HIServices
0x000000000d5c5000 	/System/Library/Frameworks/ApplicationServices.framework/Versions/A/Frameworks/LangAnalysis.framework/Versions/A/LangAnalysis
0x000000000d5c5000 	/System/Library/Frameworks/ApplicationServices.framework/Versions/A/Frameworks/PrintCore.framework/Versions/A/PrintCore
0x000000000d5c5000 	/System/Library/Frameworks/ApplicationServices.framework/Versions/A/Frameworks/QD.framework/Versions/A/QD
0x000000000d5c5000 	/System/Library/Frameworks/ApplicationServices.framework/Versions/A/Frameworks/SpeechSynthesis.framework/Versions/A/SpeechSynthesis
0x000000000d5c5000 	/System/Library/Frameworks/Accelerate.framework/Versions/A/Accelerate
0x000000000d5c5000 	/System/Library/Frameworks/Accelerate.framework/Versions/A/Frameworks/vImage.framework/Versions/A/vImage
0x000000000d5c5000 	/System/Library/Frameworks/Accelerate.framework/Versions/A/Frameworks/vecLib.framework/Versions/A/vecLib
0x000000000d5c5000 	/System/Library/Frameworks/Accelerate.framework/Versions/A/Frameworks/vecLib.framework/Versions/A/libvDSP.dylib
0x000000000d5c5000 	/System/Library/Frameworks/Accelerate.framework/Versions/A/Frameworks/vecLib.framework/Versions/A/libvMisc.dylib
0x000000000d5c5000 	/System/Library/Frameworks/Accelerate.framework/Versions/A/Frameworks/vecLib.framework/Versions/A/libLAPACK.dylib
0x000000000d5c5000 	/System/Library/Frameworks/Accelerate.framework/Versions/A/Frameworks/vecLib.framework/Versions/A/libBLAS.dylib
0x000000000d5c5000 	/System/Library/Frameworks/Accelerate.framework/Versions/A/Frameworks/vecLib.framework/Versions/A/libLinearAlgebra.dylib
0x000000000d5c5000 	/System/Library/Frameworks/ApplicationServices.framework/Versions/A/Frameworks/ATS.framework/Versions/A/Resources/libFontParser.dylib
0x000000000d5c5000 	/System/Library/Frameworks/ApplicationServices.framework/Versions/A/Frameworks/ATS.framework/Versions/A/Resources/libFontRegistry.dylib
0x000000000d5c5000 	/System/Library/PrivateFrameworks/AppleVPA.framework/Versions/A/AppleVPA
0x000000000d5c5000 	/System/Library/PrivateFrameworks/AppleJPEG.framework/Versions/A/AppleJPEG
0x000000000d5c5000 	/System/Library/Frameworks/ImageIO.framework/Versions/A/Resources/libJPEG.dylib
0x000000000d5c5000 	/System/Library/Frameworks/ImageIO.framework/Versions/A/Resources/libTIFF.dylib
0x000000000d5c5000 	/System/Library/Frameworks/ImageIO.framework/Versions/A/Resources/libPng.dylib
0x000000000d5c5000 	/System/Library/Frameworks/ImageIO.framework/Versions/A/Resources/libGIF.dylib
0x000000000d5c5000 	/System/Library/Frameworks/ImageIO.framework/Versions/A/Resources/libJP2.dylib
0x000000000d5c5000 	/System/Library/Frameworks/ImageIO.framework/Versions/A/Resources/libRadiance.dylib
0x000000000d5c5000 	/System/Library/Frameworks/CoreVideo.framework/Versions/A/CoreVideo
0x000000000d5c5000 	/System/Library/Frameworks/OpenGL.framework/Versions/A/Libraries/libGLU.dylib
0x000000000d5c5000 	/System/Library/Frameworks/OpenGL.framework/Versions/A/Libraries/libGFXShared.dylib
0x000000000d5c5000 	/System/Library/Frameworks/OpenGL.framework/Versions/A/Libraries/libGL.dylib
0x000000000d5c5000 	/System/Library/Frameworks/OpenGL.framework/Versions/A/Libraries/libGLImage.dylib
0x000000000d5c5000 	/System/Library/Frameworks/OpenGL.framework/Versions/A/Libraries/libCVMSPluginSupport.dylib
0x000000000d5c5000 	/System/Library/Frameworks/OpenGL.framework/Versions/A/Libraries/libCoreVMClient.dylib
0x000000000d5c5000 	/usr/lib/libcups.2.dylib
0x000000000d5c5000 	/System/Library/Frameworks/Kerberos.framework/Versions/A/Kerberos
0x000000000d5c5000 	/System/Library/Frameworks/GSS.framework/Versions/A/GSS
0x000000000d5c5000 	/usr/lib/libresolv.9.dylib
0x000000000d5c5000 	/usr/lib/libiconv.2.dylib
0x000000000d5c5000 	/System/Library/PrivateFrameworks/Heimdal.framework/Versions/A/Heimdal
0x000000000d5c5000 	/usr/lib/libheimdal-asn1.dylib
0x000000000d5c5000 	/System/Library/Frameworks/OpenDirectory.framework/Versions/A/OpenDirectory
0x000000000d5c5000 	/System/Library/PrivateFrameworks/CommonAuth.framework/Versions/A/CommonAuth
0x000000000d5c5000 	/System/Library/Frameworks/OpenDirectory.framework/Versions/A/Frameworks/CFOpenDirectory.framework/Versions/A/CFOpenDirectory
0x000000000d5c5000 	/System/Library/Frameworks/SecurityFoundation.framework/Versions/A/SecurityFoundation
0x000000000d5c5000 	/System/Library/PrivateFrameworks/LanguageModeling.framework/Versions/A/LanguageModeling
0x000000000d5c5000 	/usr/lib/libcmph.dylib
0x000000000d5c5000 	/System/Library/Frameworks/ServiceManagement.framework/Versions/A/ServiceManagement
0x000000000d5c5000 	/usr/lib/libxslt.1.dylib
0x000000000d5c5000 	/System/Library/Frameworks/Carbon.framework/Versions/A/Frameworks/Ink.framework/Versions/A/Ink
0x000000000d5c5000 	/System/Library/Frameworks/QuartzCore.framework/Versions/A/Frameworks/CoreImage.framework/Versions/A/CoreImage
0x000000000d5c5000 	/System/Library/PrivateFrameworks/CrashReporterSupport.framework/Versions/A/CrashReporterSupport
0x000000000d5c5000 	/System/Library/Frameworks/OpenCL.framework/Versions/A/OpenCL
0x000000000d5c5000 	/System/Library/PrivateFrameworks/FaceCore.framework/Versions/A/FaceCore
0x000000000d5c5000 	/System/Library/PrivateFrameworks/Ubiquity.framework/Versions/A/Ubiquity
0x000000000d5c5000 	/System/Library/PrivateFrameworks/IconServices.framework/Versions/A/IconServices
0x000000000d5c5000 	/System/Library/PrivateFrameworks/ChunkingLibrary.framework/Versions/A/ChunkingLibrary
0x000000000d5c5000 	/System/Library/PrivateFrameworks/Apple80211.framework/Versions/A/Apple80211
0x000000000d5c5000 	/System/Library/Frameworks/CoreWLAN.framework/Versions/A/CoreWLAN
0x000000000d5c5000 	/System/Library/Frameworks/IOBluetooth.framework/Versions/A/IOBluetooth
0x000000000d5c5000 	/System/Library/PrivateFrameworks/CoreWiFi.framework/Versions/A/CoreWiFi
0x000000000d5c5000 	/System/Library/Frameworks/CoreBluetooth.framework/Versions/A/CoreBluetooth
0x000000000d5c5000 	/System/Library/PrivateFrameworks/DebugSymbols.framework/Versions/A/DebugSymbols
0x000000000d5c5000 	/System/Library/PrivateFrameworks/CoreSymbolication.framework/Versions/A/CoreSymbolication
0x000000000d5c5000 	/System/Library/PrivateFrameworks/Symbolication.framework/Versions/A/Symbolication
0x000000000d5c5000 	/System/Library/PrivateFrameworks/SpeechRecognitionCore.framework/Versions/A/SpeechRecognitionCore
0x00000001021f7000 	/Library/Java/JavaVirtualMachines/jdk1.8.0_121.jdk/Contents/Home/jre/lib/server/libjvm.dylib
0x000000000d5c5000 	/usr/lib/libstdc++.6.dylib
0x00000001031b0000 	/Library/Java/JavaVirtualMachines/jdk1.8.0_121.jdk/Contents/Home/jre/lib/libverify.dylib
0x00000001031be000 	/Library/Java/JavaVirtualMachines/jdk1.8.0_121.jdk/Contents/Home/jre/lib/libjava.dylib
0x0000000103703000 	/Library/Java/JavaVirtualMachines/jdk1.8.0_121.jdk/Contents/Home/jre/lib/libzip.dylib
0x000000011732f000 	/System/Library/Frameworks/JavaVM.framework/Frameworks/JavaRuntimeSupport.framework/JavaRuntimeSupport
0x0000000117347000 	/System/Library/Frameworks/JavaVM.framework/Versions/A/Frameworks/JavaNativeFoundation.framework/Versions/A/JavaNativeFoundation
0x000000011735c000 	/System/Library/Frameworks/JavaVM.framework/Versions/A/JavaVM
0x000000000d5c5000 	/System/Library/Frameworks/Carbon.framework/Versions/A/Carbon
0x0000000117369000 	/System/Library/PrivateFrameworks/JavaLaunching.framework/Versions/A/JavaLaunching
0x000000000d5c5000 	/System/Library/Frameworks/Carbon.framework/Versions/A/Frameworks/CommonPanels.framework/Versions/A/CommonPanels
0x000000000d5c5000 	/System/Library/Frameworks/Carbon.framework/Versions/A/Frameworks/Help.framework/Versions/A/Help
0x000000000d5c5000 	/System/Library/Frameworks/Carbon.framework/Versions/A/Frameworks/ImageCapture.framework/Versions/A/ImageCapture
0x000000000d5c5000 	/System/Library/Frameworks/Carbon.framework/Versions/A/Frameworks/OpenScripting.framework/Versions/A/OpenScripting
0x000000000d5c5000 	/System/Library/Frameworks/Carbon.framework/Versions/A/Frameworks/Print.framework/Versions/A/Print
0x000000000d5c5000 	/System/Library/Frameworks/Carbon.framework/Versions/A/Frameworks/SecurityHI.framework/Versions/A/SecurityHI
0x0000000119118000 	/Library/Java/JavaVirtualMachines/jdk1.8.0_121.jdk/Contents/Home/jre/lib/libawt.dylib
0x00000001191c0000 	/Library/Java/JavaVirtualMachines/jdk1.8.0_121.jdk/Contents/Home/jre/lib/./libmlib_image.dylib
0x000000011928c000 	/Library/Java/JavaVirtualMachines/jdk1.8.0_121.jdk/Contents/Home/jre/lib/libawt_lwawt.dylib
0x0000000119343000 	/Library/Java/JavaVirtualMachines/jdk1.8.0_121.jdk/Contents/Home/jre/lib/./libosxapp.dylib
0x000000000d5c5000 	/System/Library/Frameworks/ExceptionHandling.framework/Versions/A/ExceptionHandling
0x000000000d5c5000 	/System/Library/PrivateFrameworks/CoreServicesInternal.framework/Versions/A/CoreServicesInternal
0x000000000d5c5000 	/System/Library/PrivateFrameworks/CloudDocs.framework/Versions/A/CloudDocs
0x000000000d5c5000 	/System/Library/PrivateFrameworks/CoreDuet.framework/Versions/A/CoreDuet
0x000000000d5c5000 	/System/Library/Frameworks/CloudKit.framework/Versions/A/CloudKit
0x000000000d5c5000 	/System/Library/PrivateFrameworks/ProtocolBuffer.framework/Versions/A/ProtocolBuffer
0x000000000d5c5000 	/System/Library/PrivateFrameworks/CoreDuetDaemonProtocol.framework/Versions/A/CoreDuetDaemonProtocol
0x000000000d5c5000 	/System/Library/PrivateFrameworks/CoreDuetDebugLogging.framework/Versions/A/CoreDuetDebugLogging
0x000000000d5c5000 	/System/Library/PrivateFrameworks/MMCS.framework/Versions/A/MMCS
0x000000000d5c5000 	/System/Library/Frameworks/CoreLocation.framework/Versions/A/CoreLocation
0x000000000d5c5000 	/System/Library/PrivateFrameworks/ProtectedCloudStorage.framework/Versions/A/ProtectedCloudStorage
0x000000000d5c5000 	/System/Library/PrivateFrameworks/GeoServices.framework/Versions/A/GeoServices
0x000000000d5c5000 	/System/Library/Frameworks/CoreGraphics.framework/Versions/A/Resources/libCGCMS.A.dylib
0x000000000d5c5000 	/System/Library/Frameworks/CoreGraphics.framework/Versions/A/Resources/libRIP.A.dylib
0x000000000d5c5000 	/System/Library/Frameworks/CoreGraphics.framework/Versions/A/Resources/libCGXType.A.dylib
0x000000000d5c5000 	/System/Library/Frameworks/OpenCL.framework/Versions/A/Libraries/libcldcpuengine.dylib
0x000000000d5c5000 	/System/Library/PrivateFrameworks/DiskImages.framework/Versions/A/DiskImages
0x000000000d5c5000 	/System/Library/Frameworks/DiscRecording.framework/Versions/A/DiscRecording
0x000000000d5c5000 	/usr/lib/libcsfde.dylib
0x000000000d5c5000 	/usr/lib/libcurl.4.dylib
0x000000000d5c5000 	/System/Library/PrivateFrameworks/MediaKit.framework/Versions/A/MediaKit
0x000000000d5c5000 	/usr/lib/libCoreStorage.dylib
0x000000000d5c5000 	/System/Library/PrivateFrameworks/EFILogin.framework/Versions/A/EFILogin
0x000000000d5c5000 	/usr/lib/libutil.dylib
0x000000000d5c5000 	/System/Library/PrivateFrameworks/FindMyDevice.framework/Versions/A/FindMyDevice
0x000000000d5c5000 	/System/Library/Frameworks/LDAP.framework/Versions/A/LDAP
0x000000000d5c5000 	/usr/lib/libsasl2.2.dylib
0x000000000d5c5000 	/System/Library/PrivateFrameworks/CoreDaemon.framework/Versions/B/CoreDaemon
0x000000000d5c5000 	/usr/lib/libcrypto.0.9.8.dylib
0x000000000d5c5000 	/System/Library/PrivateFrameworks/AppleSRP.framework/Versions/A/AppleSRP
0x000000000d5c5000 	/System/Library/PrivateFrameworks/TrustEvaluationAgent.framework/Versions/A/TrustEvaluationAgent
0x000000011c286000 	cl_kernels
0x000000011c288000 	/System/Library/Frameworks/OpenCL.framework/Versions/A/Libraries/ImageFormats/unorm8_bgra.dylib
0x000000011c277000 	cl_kernels
0x000000000d5c5000 	/System/Library/PrivateFrameworks/FamilyControls.framework/Versions/A/FamilyControls
0x000000000d5c5000 	/System/Library/PrivateFrameworks/CommerceKit.framework/Versions/A/Frameworks/CommerceCore.framework/Versions/A/CommerceCore
0x000000000d5c5000 	/System/Library/PrivateFrameworks/SystemAdministration.framework/Versions/A/SystemAdministration
0x000000000d5c5000 	/System/Library/PrivateFrameworks/AppContainer.framework/Versions/A/AppContainer
0x000000000d5c5000 	/System/Library/PrivateFrameworks/SecCodeWrapper.framework/Versions/A/SecCodeWrapper
0x000000000d5c5000 	/System/Library/Frameworks/DirectoryService.framework/Versions/A/DirectoryService
0x000000000d5c5000 	/System/Library/PrivateFrameworks/LoginUIKit.framework/Versions/A/Frameworks/LoginUICore.framework/Versions/A/LoginUICore
0x000000000d5c5000 	/usr/lib/libodfde.dylib
0x000000011d448000 	/Library/Java/JavaVirtualMachines/jdk1.8.0_121.jdk/Contents/Home/jre/lib/libfontmanager.dylib
0x000000011b7c0000 	/Library/Java/JavaVirtualMachines/jdk1.8.0_121.jdk/Contents/Home/jre/lib/libosxui.dylib
0x000000000d5c5000 	/System/Library/Frameworks/OpenGL.framework/Versions/A/Resources/GLEngine.bundle/GLEngine
0x000000000d5c5000 	/System/Library/Frameworks/OpenGL.framework/Versions/A/Libraries/libGLProgrammability.dylib
0x0000000000000000 	/System/Library/Extensions/GeForceTeslaGLDriver.bundle/Contents/MacOS/GeForceTeslaGLDriver
0x000000011d5b2000 	/System/Library/Extensions/GeForceTeslaGLDriver.bundle/Contents/MacOS/libclh.dylib
0x000000011b7ca000 	/System/Library/PrivateFrameworks/GPUSupport.framework/Versions/A/Libraries/libGPUSupport.dylib
0x000000000d5c5000 	/System/Library/Frameworks/OpenGL.framework/Versions/A/Resources/GLRendererFloat.bundle/GLRendererFloat
0x000000011e9ec000 	/Library/Java/JavaVirtualMachines/jdk1.8.0_121.jdk/Contents/Home/jre/lib/libnet.dylib
0x000000011e49c000 	/Library/Java/JavaVirtualMachines/jdk1.8.0_121.jdk/Contents/Home/jre/lib/libnio.dylib
0x000000000d5c5000 	/System/Library/Frameworks/ApplicationServices.framework/Versions/A/Frameworks/ATS.framework/Versions/A/Resources/libTrueTypeScaler.dylib
0x000000016c4dc000 	/Library/Java/JavaVirtualMachines/jdk1.8.0_121.jdk/Contents/Home/jre/lib/libdcpr.dylib
0x000000016e801000 	/Library/Java/JavaVirtualMachines/jdk1.8.0_121.jdk/Contents/Home/jre/lib/libjpeg.dylib

VM Arguments:
jvm_args: -Dfile.encoding=UTF-8 
java_command: ONLINE_TEST_EXAM.CBT1
java_class_path (initial): /Applications/NetBeans/NetBeans 8.2.app/Contents/Resources/NetBeans/java/modules/ext/AbsoluteLayout.jar:/Users/Jaymes/Documents/NetBeansProject/MY_CBT_PROJECT/build/classes
Launcher Type: SUN_STANDARD

Environment Variables:
PATH=/usr/bin:/bin:/usr/sbin:/sbin
LD_LIBRARY_PATH=/Library/Java/JavaVirtualMachines/jdk1.8.0_121.jdk/Contents/Home/jre/lib/amd64:/Library/Java/JavaVirtualMachines/jdk1.8.0_121.jdk/Contents/Home/jre/lib/i386:
SHELL=/bin/bash

Signal Handlers:
SIGSEGV: [libjvm.dylib+0x5b1141], sa_mask[0]=11111111011111110111111111111111, sa_flags=SA_ONSTACK|SA_RESTART|SA_SIGINFO
SIGBUS: [libjvm.dylib+0x5b1141], sa_mask[0]=11111111011111110111111111111111, sa_flags=SA_RESTART|SA_SIGINFO
SIGFPE: [libjvm.dylib+0x487bc4], sa_mask[0]=11111111011111110111111111111111, sa_flags=SA_RESTART|SA_SIGINFO
SIGPIPE: [libjvm.dylib+0x487bc4], sa_mask[0]=11111111011111110111111111111111, sa_flags=SA_RESTART|SA_SIGINFO
SIGXFSZ: [libjvm.dylib+0x487bc4], sa_mask[0]=11111111011111110111111111111111, sa_flags=SA_RESTART|SA_SIGINFO
SIGILL: [libjvm.dylib+0x487bc4], sa_mask[0]=11111111011111110111111111111111, sa_flags=SA_RESTART|SA_SIGINFO
SIGUSR1: SIG_DFL, sa_mask[0]=00000000000000000000000000000000, sa_flags=none
SIGUSR2: [libjvm.dylib+0x4876e2], sa_mask[0]=00100000000000000000000000000000, sa_flags=SA_RESTART|SA_SIGINFO
SIGHUP: [libjvm.dylib+0x485cb9], sa_mask[0]=11111111011111110111111111111111, sa_flags=SA_RESTART|SA_SIGINFO
SIGINT: SIG_IGN, sa_mask[0]=00000000000000000000000000000000, sa_flags=none
SIGTERM: [libjvm.dylib+0x485cb9], sa_mask[0]=11111111011111110111111111111111, sa_flags=SA_RESTART|SA_SIGINFO
SIGQUIT: [libjvm.dylib+0x485cb9], sa_mask[0]=11111111011111110111111111111111, sa_flags=SA_RESTART|SA_SIGINFO


---------------  S Y S T E M  ---------------

OS:Bsduname:Darwin 14.3.0 Darwin Kernel Version 14.3.0: Mon Mar 23 11:59:05 PDT 2015; root:xnu-2782.20.48~5/RELEASE_X86_64 x86_64
rlimit: STACK 8192k, CORE 0k, NPROC 709, NOFILE 10240, AS infinity
load average:3.83 2.91 2.29

CPU:total 2 (2 cores per cpu, 1 threads per core) family 6 model 23 stepping 10, cmov, cx8, fxsr, mmx, sse, sse2, sse3, ssse3, sse4.1, tsc

Memory: 4k page, physical 5242880k(206212k free)

/proc/meminfo:


vm_info: Java HotSpot(TM) 64-Bit Server VM (25.121-b13) for bsd-amd64 JRE (1.8.0_121-b13), built on Dec 12 2016 20:39:32 by "java_re" with gcc 4.2.1 (Based on Apple Inc. build 5658) (LLVM build 2336.11.00)

time: Tue May 23 10:02:37 2017
elapsed time: 22 seconds (0d 0h 0m 22s)

